{"/Users/erikm.johnson/Desktop/code_fellows/401/hue_out_there/__test__/supergoose.js": {"path":"/Users/erikm.johnson/Desktop/code_fellows/401/hue_out_there/__test__/supergoose.js","statementMap":{"0":{"start":{"line":7,"column":17},"end":{"line":7,"column":36}},"1":{"start":{"line":8,"column":26},"end":{"line":8,"column":66}},"2":{"start":{"line":9,"column":18},"end":{"line":9,"column":38}},"3":{"start":{"line":13,"column":17},"end":{"line":13,"column":36}},"4":{"start":{"line":18,"column":0},"end":{"line":18,"column":50}},"5":{"start":{"line":18,"column":32},"end":{"line":18,"column":49}},"6":{"start":{"line":23,"column":0},"end":{"line":37,"column":2}},"7":{"start":{"line":25,"column":2},"end":{"line":25,"column":40}},"8":{"start":{"line":27,"column":19},"end":{"line":27,"column":58}},"9":{"start":{"line":29,"column":26},"end":{"line":32,"column":3}},"10":{"start":{"line":34,"column":2},"end":{"line":36,"column":5}},"11":{"start":{"line":35,"column":4},"end":{"line":35,"column":32}},"12":{"start":{"line":35,"column":13},"end":{"line":35,"column":32}},"13":{"start":{"line":42,"column":0},"end":{"line":45,"column":2}},"14":{"start":{"line":43,"column":2},"end":{"line":43,"column":24}},"15":{"start":{"line":44,"column":2},"end":{"line":44,"column":21}},"16":{"start":{"line":48,"column":0},"end":{"line":52,"column":3}},"17":{"start":{"line":49,"column":2},"end":{"line":51,"column":5}},"18":{"start":{"line":50,"column":4},"end":{"line":50,"column":30}}},"fnMap":{"0":{"name":"(anonymous_0)","decl":{"start":{"line":18,"column":20},"end":{"line":18,"column":21}},"loc":{"start":{"line":18,"column":32},"end":{"line":18,"column":49}},"line":18},"1":{"name":"(anonymous_1)","decl":{"start":{"line":23,"column":21},"end":{"line":23,"column":22}},"loc":{"start":{"line":23,"column":33},"end":{"line":37,"column":1}},"line":23},"2":{"name":"(anonymous_2)","decl":{"start":{"line":34,"column":52},"end":{"line":34,"column":53}},"loc":{"start":{"line":34,"column":61},"end":{"line":36,"column":3}},"line":34},"3":{"name":"(anonymous_3)","decl":{"start":{"line":42,"column":20},"end":{"line":42,"column":21}},"loc":{"start":{"line":42,"column":26},"end":{"line":45,"column":1}},"line":42},"4":{"name":"(anonymous_4)","decl":{"start":{"line":48,"column":23},"end":{"line":48,"column":24}},"loc":{"start":{"line":48,"column":29},"end":{"line":52,"column":1}},"line":48},"5":{"name":"(anonymous_5)","decl":{"start":{"line":49,"column":17},"end":{"line":49,"column":18}},"loc":{"start":{"line":49,"column":23},"end":{"line":51,"column":3}},"line":49}},"branchMap":{"0":{"loc":{"start":{"line":35,"column":4},"end":{"line":35,"column":32}},"type":"if","locations":[{"start":{"line":35,"column":4},"end":{"line":35,"column":32}},{"start":{"line":35,"column":4},"end":{"line":35,"column":32}}],"line":35}},"s":{"0":2,"1":2,"2":2,"3":2,"4":2,"5":2,"6":2,"7":2,"8":2,"9":2,"10":2,"11":2,"12":0,"13":2,"14":2,"15":2,"16":2,"17":2,"18":2},"f":{"0":2,"1":2,"2":2,"3":2,"4":2,"5":2},"b":{"0":[0,2]},"_coverageSchema":"43e27e138ebf9cfc5966b082cf9a028302ed4184","hash":"fa158150a0141b610d563a01b1512e77bd72e9e9"}
,"/Users/erikm.johnson/Desktop/code_fellows/401/hue_out_there/src/app.js": {"path":"/Users/erikm.johnson/Desktop/code_fellows/401/hue_out_there/src/app.js","statementMap":{"0":{"start":{"line":7,"column":16},"end":{"line":7,"column":34}},"1":{"start":{"line":8,"column":13},"end":{"line":8,"column":28}},"2":{"start":{"line":9,"column":15},"end":{"line":9,"column":32}},"3":{"start":{"line":12,"column":15},"end":{"line":12,"column":34}},"4":{"start":{"line":13,"column":21},"end":{"line":13,"column":50}},"5":{"start":{"line":14,"column":17},"end":{"line":14,"column":44}},"6":{"start":{"line":18,"column":12},"end":{"line":18,"column":21}},"7":{"start":{"line":19,"column":0},"end":{"line":19,"column":16}},"8":{"start":{"line":20,"column":0},"end":{"line":20,"column":23}},"9":{"start":{"line":22,"column":0},"end":{"line":22,"column":24}},"10":{"start":{"line":23,"column":0},"end":{"line":23,"column":45}},"11":{"start":{"line":25,"column":0},"end":{"line":25,"column":16}},"12":{"start":{"line":26,"column":0},"end":{"line":26,"column":18}},"13":{"start":{"line":27,"column":0},"end":{"line":27,"column":22}},"14":{"start":{"line":33,"column":16},"end":{"line":33,"column":21}},"15":{"start":{"line":35,"column":0},"end":{"line":47,"column":2}},"16":{"start":{"line":38,"column":4},"end":{"line":45,"column":5}},"17":{"start":{"line":39,"column":6},"end":{"line":42,"column":9}},"18":{"start":{"line":40,"column":8},"end":{"line":40,"column":25}},"19":{"start":{"line":41,"column":8},"end":{"line":41,"column":44}},"20":{"start":{"line":44,"column":6},"end":{"line":44,"column":47}}},"fnMap":{"0":{"name":"(anonymous_0)","decl":{"start":{"line":37,"column":9},"end":{"line":37,"column":10}},"loc":{"start":{"line":37,"column":19},"end":{"line":46,"column":3}},"line":37},"1":{"name":"(anonymous_1)","decl":{"start":{"line":39,"column":23},"end":{"line":39,"column":24}},"loc":{"start":{"line":39,"column":29},"end":{"line":42,"column":7}},"line":39}},"branchMap":{"0":{"loc":{"start":{"line":38,"column":4},"end":{"line":45,"column":5}},"type":"if","locations":[{"start":{"line":38,"column":4},"end":{"line":45,"column":5}},{"start":{"line":38,"column":4},"end":{"line":45,"column":5}}],"line":38}},"s":{"0":3,"1":3,"2":3,"3":3,"4":3,"5":3,"6":3,"7":3,"8":3,"9":3,"10":3,"11":3,"12":3,"13":3,"14":3,"15":3,"16":0,"17":0,"18":0,"19":0,"20":0},"f":{"0":0,"1":0},"b":{"0":[0,0]},"_coverageSchema":"43e27e138ebf9cfc5966b082cf9a028302ed4184","hash":"89e9ce292b0ecd752b537b034b4cc921fb6e64ef"}
,"/Users/erikm.johnson/Desktop/code_fellows/401/hue_out_there/src/bridge.js": {"path":"/Users/erikm.johnson/Desktop/code_fellows/401/hue_out_there/src/bridge.js","statementMap":{"0":{"start":{"line":4,"column":10},"end":{"line":4,"column":33}},"1":{"start":{"line":9,"column":13},"end":{"line":9,"column":23}},"2":{"start":{"line":10,"column":11},"end":{"line":10,"column":25}},"3":{"start":{"line":11,"column":15},"end":{"line":11,"column":57}},"4":{"start":{"line":12,"column":10},"end":{"line":12,"column":36}},"5":{"start":{"line":18,"column":21},"end":{"line":20,"column":1}},"6":{"start":{"line":19,"column":4},"end":{"line":19,"column":23}},"7":{"start":{"line":23,"column":19},"end":{"line":27,"column":1}},"8":{"start":{"line":24,"column":4},"end":{"line":26,"column":16}},"9":{"start":{"line":30,"column":19},"end":{"line":34,"column":1}},"10":{"start":{"line":31,"column":4},"end":{"line":33,"column":16}},"11":{"start":{"line":37,"column":0},"end":{"line":37,"column":41}}},"fnMap":{"0":{"name":"(anonymous_0)","decl":{"start":{"line":18,"column":21},"end":{"line":18,"column":22}},"loc":{"start":{"line":18,"column":35},"end":{"line":20,"column":1}},"line":18},"1":{"name":"(anonymous_1)","decl":{"start":{"line":23,"column":19},"end":{"line":23,"column":20}},"loc":{"start":{"line":23,"column":41},"end":{"line":27,"column":1}},"line":23},"2":{"name":"(anonymous_2)","decl":{"start":{"line":30,"column":19},"end":{"line":30,"column":20}},"loc":{"start":{"line":30,"column":41},"end":{"line":34,"column":1}},"line":30}},"branchMap":{},"s":{"0":3,"1":3,"2":3,"3":3,"4":3,"5":3,"6":0,"7":3,"8":2,"9":3,"10":2,"11":3},"f":{"0":0,"1":2,"2":2},"b":{},"_coverageSchema":"43e27e138ebf9cfc5966b082cf9a028302ed4184","hash":"63840f56a533f7ba2a55b5717025cfe927e53560"}
,"/Users/erikm.johnson/Desktop/code_fellows/401/hue_out_there/src/middleware.js": {"path":"/Users/erikm.johnson/Desktop/code_fellows/401/hue_out_there/src/middleware.js","statementMap":{"0":{"start":{"line":4,"column":13},"end":{"line":4,"column":36}},"1":{"start":{"line":7,"column":0},"end":{"line":69,"column":2}},"2":{"start":{"line":12,"column":2},"end":{"line":24,"column":3}},"3":{"start":{"line":13,"column":36},"end":{"line":13,"column":74}},"4":{"start":{"line":15,"column":4},"end":{"line":20,"column":5}},"5":{"start":{"line":17,"column":8},"end":{"line":17,"column":41}},"6":{"start":{"line":19,"column":8},"end":{"line":19,"column":28}},"7":{"start":{"line":23,"column":4},"end":{"line":23,"column":14}},"8":{"start":{"line":34,"column":23},"end":{"line":34,"column":56}},"9":{"start":{"line":35,"column":23},"end":{"line":35,"column":46}},"10":{"start":{"line":36,"column":31},"end":{"line":36,"column":54}},"11":{"start":{"line":37,"column":15},"end":{"line":37,"column":55}},"12":{"start":{"line":39,"column":4},"end":{"line":40,"column":42}},"13":{"start":{"line":40,"column":21},"end":{"line":40,"column":40}},"14":{"start":{"line":50,"column":4},"end":{"line":57,"column":5}},"15":{"start":{"line":51,"column":6},"end":{"line":51,"column":22}},"16":{"start":{"line":52,"column":6},"end":{"line":52,"column":39}},"17":{"start":{"line":53,"column":6},"end":{"line":53,"column":13}},"18":{"start":{"line":56,"column":6},"end":{"line":56,"column":19}},"19":{"start":{"line":67,"column":4},"end":{"line":67,"column":92}}},"fnMap":{"0":{"name":"(anonymous_0)","decl":{"start":{"line":7,"column":17},"end":{"line":7,"column":18}},"loc":{"start":{"line":7,"column":37},"end":{"line":69,"column":1}},"line":7},"1":{"name":"_authBasic","decl":{"start":{"line":32,"column":11},"end":{"line":32,"column":21}},"loc":{"start":{"line":32,"column":34},"end":{"line":41,"column":3}},"line":32},"2":{"name":"(anonymous_2)","decl":{"start":{"line":40,"column":13},"end":{"line":40,"column":14}},"loc":{"start":{"line":40,"column":21},"end":{"line":40,"column":40}},"line":40},"3":{"name":"_authenticate","decl":{"start":{"line":49,"column":11},"end":{"line":49,"column":24}},"loc":{"start":{"line":49,"column":31},"end":{"line":58,"column":3}},"line":49},"4":{"name":"_authError","decl":{"start":{"line":66,"column":11},"end":{"line":66,"column":21}},"loc":{"start":{"line":66,"column":24},"end":{"line":68,"column":3}},"line":66}},"branchMap":{"0":{"loc":{"start":{"line":15,"column":4},"end":{"line":20,"column":5}},"type":"switch","locations":[{"start":{"line":16,"column":6},"end":{"line":17,"column":41}},{"start":{"line":18,"column":6},"end":{"line":19,"column":28}}],"line":15},"1":{"loc":{"start":{"line":50,"column":4},"end":{"line":57,"column":5}},"type":"if","locations":[{"start":{"line":50,"column":4},"end":{"line":57,"column":5}},{"start":{"line":50,"column":4},"end":{"line":57,"column":5}}],"line":50}},"s":{"0":3,"1":3,"2":3,"3":3,"4":2,"5":2,"6":0,"7":1,"8":2,"9":2,"10":2,"11":2,"12":2,"13":2,"14":2,"15":1,"16":1,"17":1,"18":1,"19":1},"f":{"0":3,"1":2,"2":2,"3":2,"4":1},"b":{"0":[2,0],"1":[1,1]},"_coverageSchema":"43e27e138ebf9cfc5966b082cf9a028302ed4184","hash":"f82062da7ef0eaaec873e6ea732318676528cd81"}
,"/Users/erikm.johnson/Desktop/code_fellows/401/hue_out_there/src/router.js": {"path":"/Users/erikm.johnson/Desktop/code_fellows/401/hue_out_there/src/router.js","statementMap":{"0":{"start":{"line":7,"column":16},"end":{"line":7,"column":34}},"1":{"start":{"line":8,"column":19},"end":{"line":8,"column":35}},"2":{"start":{"line":9,"column":19},"end":{"line":9,"column":53}},"3":{"start":{"line":11,"column":13},"end":{"line":11,"column":36}},"4":{"start":{"line":12,"column":13},"end":{"line":12,"column":36}},"5":{"start":{"line":13,"column":14},"end":{"line":13,"column":33}},"6":{"start":{"line":14,"column":12},"end":{"line":14,"column":31}},"7":{"start":{"line":18,"column":0},"end":{"line":31,"column":3}},"8":{"start":{"line":20,"column":14},"end":{"line":20,"column":32}},"9":{"start":{"line":22,"column":3},"end":{"line":30,"column":19}},"10":{"start":{"line":24,"column":5},"end":{"line":24,"column":38}},"11":{"start":{"line":25,"column":5},"end":{"line":25,"column":21}},"12":{"start":{"line":26,"column":5},"end":{"line":26,"column":33}},"13":{"start":{"line":27,"column":5},"end":{"line":27,"column":35}},"14":{"start":{"line":28,"column":5},"end":{"line":28,"column":25}},"15":{"start":{"line":29,"column":5},"end":{"line":29,"column":15}},"16":{"start":{"line":33,"column":0},"end":{"line":40,"column":3}},"17":{"start":{"line":34,"column":4},"end":{"line":34,"column":34}},"18":{"start":{"line":35,"column":4},"end":{"line":39,"column":58}},"19":{"start":{"line":44,"column":0},"end":{"line":48,"column":3}},"20":{"start":{"line":45,"column":15},"end":{"line":45,"column":28}},"21":{"start":{"line":46,"column":4},"end":{"line":46,"column":39}},"22":{"start":{"line":47,"column":4},"end":{"line":47,"column":35}},"23":{"start":{"line":50,"column":0},"end":{"line":54,"column":3}},"24":{"start":{"line":51,"column":13},"end":{"line":51,"column":26}},"25":{"start":{"line":52,"column":2},"end":{"line":52,"column":38}},"26":{"start":{"line":53,"column":2},"end":{"line":53,"column":34}},"27":{"start":{"line":58,"column":0},"end":{"line":61,"column":3}},"28":{"start":{"line":59,"column":2},"end":{"line":59,"column":34}},"29":{"start":{"line":60,"column":2},"end":{"line":60,"column":31}},"30":{"start":{"line":63,"column":0},"end":{"line":66,"column":3}},"31":{"start":{"line":64,"column":2},"end":{"line":64,"column":35}},"32":{"start":{"line":65,"column":2},"end":{"line":65,"column":32}},"33":{"start":{"line":68,"column":0},"end":{"line":68,"column":28}}},"fnMap":{"0":{"name":"(anonymous_0)","decl":{"start":{"line":18,"column":27},"end":{"line":18,"column":28}},"loc":{"start":{"line":18,"column":47},"end":{"line":31,"column":1}},"line":18},"1":{"name":"(anonymous_1)","decl":{"start":{"line":23,"column":9},"end":{"line":23,"column":10}},"loc":{"start":{"line":23,"column":17},"end":{"line":30,"column":5}},"line":23},"2":{"name":"(anonymous_2)","decl":{"start":{"line":33,"column":33},"end":{"line":33,"column":34}},"loc":{"start":{"line":33,"column":53},"end":{"line":40,"column":1}},"line":33},"3":{"name":"(anonymous_3)","decl":{"start":{"line":44,"column":32},"end":{"line":44,"column":33}},"loc":{"start":{"line":44,"column":52},"end":{"line":48,"column":1}},"line":44},"4":{"name":"(anonymous_4)","decl":{"start":{"line":50,"column":33},"end":{"line":50,"column":34}},"loc":{"start":{"line":50,"column":53},"end":{"line":54,"column":1}},"line":50},"5":{"name":"(anonymous_5)","decl":{"start":{"line":58,"column":33},"end":{"line":58,"column":34}},"loc":{"start":{"line":58,"column":53},"end":{"line":61,"column":1}},"line":58},"6":{"name":"(anonymous_6)","decl":{"start":{"line":63,"column":34},"end":{"line":63,"column":35}},"loc":{"start":{"line":63,"column":54},"end":{"line":66,"column":1}},"line":63}},"branchMap":{},"s":{"0":3,"1":3,"2":3,"3":3,"4":3,"5":3,"6":3,"7":3,"8":2,"9":2,"10":2,"11":2,"12":2,"13":2,"14":2,"15":2,"16":3,"17":1,"18":1,"19":3,"20":1,"21":1,"22":1,"23":3,"24":1,"25":1,"26":1,"27":3,"28":1,"29":1,"30":3,"31":1,"32":1,"33":3},"f":{"0":2,"1":2,"2":1,"3":1,"4":1,"5":1,"6":1},"b":{},"_coverageSchema":"43e27e138ebf9cfc5966b082cf9a028302ed4184","hash":"d7164bc4569a17a09fd5281cb1be7aedf2bbd13b"}
,"/Users/erikm.johnson/Desktop/code_fellows/401/hue_out_there/src/user-model.js": {"path":"/Users/erikm.johnson/Desktop/code_fellows/401/hue_out_there/src/user-model.js","statementMap":{"0":{"start":{"line":9,"column":17},"end":{"line":9,"column":36}},"1":{"start":{"line":10,"column":12},"end":{"line":10,"column":35}},"2":{"start":{"line":11,"column":15},"end":{"line":11,"column":32}},"3":{"start":{"line":13,"column":0},"end":{"line":13,"column":27}},"4":{"start":{"line":19,"column":13},"end":{"line":22,"column":2}},"5":{"start":{"line":25,"column":0},"end":{"line":31,"column":3}},"6":{"start":{"line":26,"column":2},"end":{"line":30,"column":34}},"7":{"start":{"line":28,"column":6},"end":{"line":28,"column":37}},"8":{"start":{"line":29,"column":6},"end":{"line":29,"column":13}},"9":{"start":{"line":30,"column":21},"end":{"line":30,"column":31}},"10":{"start":{"line":38,"column":0},"end":{"line":43,"column":2}},"11":{"start":{"line":39,"column":14},"end":{"line":39,"column":38}},"12":{"start":{"line":40,"column":2},"end":{"line":42,"column":24}},"13":{"start":{"line":41,"column":18},"end":{"line":41,"column":61}},"14":{"start":{"line":50,"column":0},"end":{"line":53,"column":2}},"15":{"start":{"line":51,"column":2},"end":{"line":52,"column":40}},"16":{"start":{"line":52,"column":19},"end":{"line":52,"column":38}},"17":{"start":{"line":59,"column":0},"end":{"line":64,"column":2}},"18":{"start":{"line":60,"column":18},"end":{"line":62,"column":3}},"19":{"start":{"line":63,"column":2},"end":{"line":63,"column":49}},"20":{"start":{"line":70,"column":0},"end":{"line":70,"column":46}}},"fnMap":{"0":{"name":"(anonymous_0)","decl":{"start":{"line":25,"column":17},"end":{"line":25,"column":18}},"loc":{"start":{"line":25,"column":32},"end":{"line":31,"column":1}},"line":25},"1":{"name":"(anonymous_1)","decl":{"start":{"line":27,"column":10},"end":{"line":27,"column":11}},"loc":{"start":{"line":27,"column":28},"end":{"line":30,"column":3}},"line":27},"2":{"name":"(anonymous_2)","decl":{"start":{"line":30,"column":11},"end":{"line":30,"column":12}},"loc":{"start":{"line":30,"column":20},"end":{"line":30,"column":32}},"line":30},"3":{"name":"(anonymous_3)","decl":{"start":{"line":38,"column":33},"end":{"line":38,"column":34}},"loc":{"start":{"line":38,"column":48},"end":{"line":43,"column":1}},"line":38},"4":{"name":"(anonymous_4)","decl":{"start":{"line":41,"column":10},"end":{"line":41,"column":11}},"loc":{"start":{"line":41,"column":18},"end":{"line":41,"column":61}},"line":41},"5":{"name":"(anonymous_5)","decl":{"start":{"line":50,"column":31},"end":{"line":50,"column":32}},"loc":{"start":{"line":50,"column":50},"end":{"line":53,"column":1}},"line":50},"6":{"name":"(anonymous_6)","decl":{"start":{"line":52,"column":10},"end":{"line":52,"column":11}},"loc":{"start":{"line":52,"column":19},"end":{"line":52,"column":38}},"line":52},"7":{"name":"(anonymous_7)","decl":{"start":{"line":59,"column":29},"end":{"line":59,"column":30}},"loc":{"start":{"line":59,"column":40},"end":{"line":64,"column":1}},"line":59}},"branchMap":{"0":{"loc":{"start":{"line":41,"column":18},"end":{"line":41,"column":61}},"type":"binary-expr","locations":[{"start":{"line":41,"column":18},"end":{"line":41,"column":22}},{"start":{"line":41,"column":26},"end":{"line":41,"column":61}}],"line":41},"1":{"loc":{"start":{"line":52,"column":19},"end":{"line":52,"column":38}},"type":"cond-expr","locations":[{"start":{"line":52,"column":27},"end":{"line":52,"column":31}},{"start":{"line":52,"column":34},"end":{"line":52,"column":38}}],"line":52}},"s":{"0":3,"1":3,"2":3,"3":3,"4":3,"5":3,"6":2,"7":2,"8":2,"9":0,"10":3,"11":2,"12":2,"13":2,"14":3,"15":1,"16":1,"17":3,"18":3,"19":3,"20":3},"f":{"0":2,"1":2,"2":0,"3":2,"4":2,"5":1,"6":1,"7":3},"b":{"0":[2,1],"1":[1,0]},"_coverageSchema":"43e27e138ebf9cfc5966b082cf9a028302ed4184","hash":"46ffef56caf0694065836c6163e5671071df7106"}
,"/Users/erikm.johnson/Desktop/code_fellows/401/hue_out_there/src/middleware/404.js": {"path":"/Users/erikm.johnson/Desktop/code_fellows/401/hue_out_there/src/middleware/404.js","statementMap":{"0":{"start":{"line":7,"column":0},"end":{"line":14,"column":2}},"1":{"start":{"line":8,"column":16},"end":{"line":8,"column":45}},"2":{"start":{"line":9,"column":4},"end":{"line":9,"column":25}},"3":{"start":{"line":10,"column":4},"end":{"line":10,"column":36}},"4":{"start":{"line":11,"column":4},"end":{"line":11,"column":54}},"5":{"start":{"line":12,"column":4},"end":{"line":12,"column":37}},"6":{"start":{"line":13,"column":4},"end":{"line":13,"column":14}}},"fnMap":{"0":{"name":"(anonymous_0)","decl":{"start":{"line":7,"column":17},"end":{"line":7,"column":18}},"loc":{"start":{"line":7,"column":37},"end":{"line":14,"column":1}},"line":7}},"branchMap":{},"s":{"0":3,"1":1,"2":1,"3":1,"4":1,"5":1,"6":1},"f":{"0":1},"b":{},"_coverageSchema":"43e27e138ebf9cfc5966b082cf9a028302ed4184","hash":"123655dfea08b8d23bd2130e569a8c5baccfdb7d"}
,"/Users/erikm.johnson/Desktop/code_fellows/401/hue_out_there/src/middleware/error.js": {"path":"/Users/erikm.johnson/Desktop/code_fellows/401/hue_out_there/src/middleware/error.js","statementMap":{"0":{"start":{"line":7,"column":0},"end":{"line":14,"column":2}},"1":{"start":{"line":8,"column":16},"end":{"line":8,"column":28}},"2":{"start":{"line":9,"column":4},"end":{"line":9,"column":25}},"3":{"start":{"line":10,"column":4},"end":{"line":10,"column":39}},"4":{"start":{"line":11,"column":4},"end":{"line":11,"column":54}},"5":{"start":{"line":12,"column":4},"end":{"line":12,"column":37}},"6":{"start":{"line":13,"column":4},"end":{"line":13,"column":14}}},"fnMap":{"0":{"name":"(anonymous_0)","decl":{"start":{"line":7,"column":17},"end":{"line":7,"column":18}},"loc":{"start":{"line":7,"column":42},"end":{"line":14,"column":1}},"line":7}},"branchMap":{},"s":{"0":3,"1":1,"2":1,"3":1,"4":1,"5":1,"6":1},"f":{"0":1},"b":{},"_coverageSchema":"43e27e138ebf9cfc5966b082cf9a028302ed4184","hash":"9d040d9a1b2936e986c58d491beaf15ca8ef8464"}
}
