TN:
SF:/Users/erikm.johnson/Desktop/code_fellows/401/hue-out-ther/__test__/supergoose.js
FN:18,(anonymous_0)
FN:23,(anonymous_1)
FN:34,(anonymous_2)
FN:42,(anonymous_3)
FN:48,(anonymous_4)
FN:49,(anonymous_5)
FNF:6
FNH:6
FNDA:2,(anonymous_0)
FNDA:2,(anonymous_1)
FNDA:2,(anonymous_2)
FNDA:2,(anonymous_3)
FNDA:2,(anonymous_4)
FNDA:2,(anonymous_5)
DA:7,2
DA:8,2
DA:9,2
DA:13,2
DA:18,2
DA:23,2
DA:25,2
DA:27,2
DA:29,2
DA:34,2
DA:35,2
DA:42,2
DA:43,2
DA:44,2
DA:48,2
DA:49,2
DA:50,2
LF:17
LH:17
BRDA:35,0,0,0
BRDA:35,0,1,2
BRF:2
BRH:1
end_of_record
TN:
SF:/Users/erikm.johnson/Desktop/code_fellows/401/hue-out-ther/src/app.js
FN:37,(anonymous_0)
FN:39,(anonymous_1)
FNF:2
FNH:0
FNDA:0,(anonymous_0)
FNDA:0,(anonymous_1)
DA:7,3
DA:8,3
DA:9,3
DA:12,3
DA:13,3
DA:14,3
DA:18,3
DA:19,3
DA:20,3
DA:22,3
DA:23,3
DA:25,3
DA:26,3
DA:27,3
DA:33,3
DA:35,3
DA:38,0
DA:39,0
DA:40,0
DA:41,0
DA:44,0
LF:21
LH:16
BRDA:38,0,0,0
BRDA:38,0,1,0
BRF:2
BRH:0
end_of_record
TN:
SF:/Users/erikm.johnson/Desktop/code_fellows/401/hue-out-ther/src/bridge.js
FN:18,(anonymous_0)
FN:23,(anonymous_1)
FN:30,(anonymous_2)
FNF:3
FNH:2
FNDA:0,(anonymous_0)
FNDA:2,(anonymous_1)
FNDA:2,(anonymous_2)
DA:4,3
DA:9,3
DA:10,3
DA:11,3
DA:12,3
DA:18,3
DA:19,0
DA:23,3
DA:24,2
DA:30,3
DA:31,2
DA:37,3
LF:12
LH:11
BRF:0
BRH:0
end_of_record
TN:
SF:/Users/erikm.johnson/Desktop/code_fellows/401/hue-out-ther/src/middleware.js
FN:7,(anonymous_0)
FN:32,_authBasic
FN:40,(anonymous_2)
FN:49,_authenticate
FN:66,_authError
FNF:5
FNH:5
FNDA:3,(anonymous_0)
FNDA:2,_authBasic
FNDA:2,(anonymous_2)
FNDA:2,_authenticate
FNDA:1,_authError
DA:4,3
DA:7,3
DA:12,3
DA:13,3
DA:15,2
DA:17,2
DA:19,0
DA:23,1
DA:34,2
DA:35,2
DA:36,2
DA:37,2
DA:39,2
DA:40,2
DA:50,2
DA:51,1
DA:52,1
DA:53,1
DA:56,1
DA:67,1
LF:20
LH:19
BRDA:15,0,0,2
BRDA:15,0,1,0
BRDA:50,1,0,1
BRDA:50,1,1,1
BRF:4
BRH:3
end_of_record
TN:
SF:/Users/erikm.johnson/Desktop/code_fellows/401/hue-out-ther/src/router.js
FN:18,(anonymous_0)
FN:23,(anonymous_1)
FN:32,(anonymous_2)
FN:43,(anonymous_3)
FN:49,(anonymous_4)
FN:57,(anonymous_5)
FN:62,(anonymous_6)
FNF:7
FNH:7
FNDA:2,(anonymous_0)
FNDA:2,(anonymous_1)
FNDA:1,(anonymous_2)
FNDA:1,(anonymous_3)
FNDA:1,(anonymous_4)
FNDA:1,(anonymous_5)
FNDA:1,(anonymous_6)
DA:7,3
DA:8,3
DA:9,3
DA:11,3
DA:12,3
DA:13,3
DA:14,3
DA:18,3
DA:20,2
DA:22,2
DA:24,2
DA:25,2
DA:26,2
DA:27,2
DA:28,2
DA:32,3
DA:33,1
DA:34,1
DA:43,3
DA:44,1
DA:45,1
DA:46,1
DA:49,3
DA:50,1
DA:51,1
DA:52,1
DA:57,3
DA:58,1
DA:59,1
DA:62,3
DA:63,1
DA:64,1
DA:67,3
LF:33
LH:33
BRF:0
BRH:0
end_of_record
TN:
SF:/Users/erikm.johnson/Desktop/code_fellows/401/hue-out-ther/src/user-model.js
FN:25,(anonymous_0)
FN:27,(anonymous_1)
FN:30,(anonymous_2)
FN:38,(anonymous_3)
FN:41,(anonymous_4)
FN:50,(anonymous_5)
FN:52,(anonymous_6)
FN:59,(anonymous_7)
FNF:8
FNH:7
FNDA:2,(anonymous_0)
FNDA:2,(anonymous_1)
FNDA:0,(anonymous_2)
FNDA:2,(anonymous_3)
FNDA:2,(anonymous_4)
FNDA:1,(anonymous_5)
FNDA:1,(anonymous_6)
FNDA:3,(anonymous_7)
DA:9,3
DA:10,3
DA:11,3
DA:13,3
DA:19,3
DA:25,3
DA:26,2
DA:28,2
DA:29,2
DA:30,0
DA:38,3
DA:39,2
DA:40,2
DA:41,2
DA:50,3
DA:51,1
DA:52,1
DA:59,3
DA:60,3
DA:63,3
DA:70,3
LF:21
LH:20
BRDA:41,0,0,2
BRDA:41,0,1,1
BRDA:52,1,0,1
BRDA:52,1,1,0
BRF:4
BRH:3
end_of_record
TN:
SF:/Users/erikm.johnson/Desktop/code_fellows/401/hue-out-ther/src/middleware/404.js
FN:7,(anonymous_0)
FNF:1
FNH:1
FNDA:1,(anonymous_0)
DA:7,3
DA:8,1
DA:9,1
DA:10,1
DA:11,1
DA:12,1
DA:13,1
LF:7
LH:7
BRF:0
BRH:0
end_of_record
TN:
SF:/Users/erikm.johnson/Desktop/code_fellows/401/hue-out-ther/src/middleware/error.js
FN:7,(anonymous_0)
FNF:1
FNH:1
FNDA:1,(anonymous_0)
DA:7,3
DA:8,1
DA:9,1
DA:10,1
DA:11,1
DA:12,1
DA:13,1
LF:7
LH:7
BRF:0
BRH:0
end_of_record
